[debug] [2022-10-18T13:50:41.935Z] ----------------------------------------------------------------------
[debug] [2022-10-18T13:50:41.936Z] Command:       /opt/homebrew/Cellar/node/18.8.0_1/bin/node /opt/homebrew/bin/firebase init
[debug] [2022-10-18T13:50:41.936Z] CLI Version:   11.14.1
[debug] [2022-10-18T13:50:41.936Z] Platform:      darwin
[debug] [2022-10-18T13:50:41.936Z] Node Version:  v18.8.0
[debug] [2022-10-18T13:50:41.937Z] Time:          Tue Oct 18 2022 20:50:41 GMT+0700 (Giờ Đông Dương)
[debug] [2022-10-18T13:50:41.937Z] ----------------------------------------------------------------------
[debug] 
[debug] [2022-10-18T13:50:41.938Z] >>> [apiv2][query] GET https://firebase-public.firebaseio.com/cli.json [none]
[debug] [2022-10-18T13:50:41.950Z] > command requires scopes: ["email","openid","https://www.googleapis.com/auth/cloudplatformprojects.readonly","https://www.googleapis.com/auth/firebase","https://www.googleapis.com/auth/cloud-platform"]
[debug] [2022-10-18T13:50:41.951Z] > authorizing via signed-in user (dolamm1509@gmail.com)
[info] 
     ######## #### ########  ######## ########     ###     ######  ########
     ##        ##  ##     ## ##       ##     ##  ##   ##  ##       ##
     ######    ##  ########  ######   ########  #########  ######  ######
     ##        ##  ##    ##  ##       ##     ## ##     ##       ## ##
     ##       #### ##     ## ######## ########  ##     ##  ######  ########

You're about to initialize a Firebase project in this directory:

  /Applications/e-book/e-book

Before we get started, keep in mind:

  * You are currently outside your home directory

[debug] [2022-10-18T13:50:42.413Z] <<< [apiv2][status] GET https://firebase-public.firebaseio.com/cli.json 200
[debug] [2022-10-18T13:50:42.414Z] <<< [apiv2][body] GET https://firebase-public.firebaseio.com/cli.json {"cloudBuildErrorAfter":1594252800000,"cloudBuildWarnAfter":1590019200000,"defaultNode10After":1594252800000,"minVersion":"3.0.5","node8DeploysDisabledAfter":1613390400000,"node8RuntimeDisabledAfter":1615809600000,"node8WarnAfter":1600128000000}
